  [1m[35m (0.1ms)[0m  [1m[34mSELECT pg_try_advisory_lock(6566021379763771380)[0m
  [1m[35m (0.7ms)[0m  [1m[34mSELECT "schema_migrations"."version" FROM "schema_migrations" ORDER BY "schema_migrations"."version" ASC[0m
  [1m[36mActiveRecord::InternalMetadata Load (0.6ms)[0m  [1m[34mSELECT "ar_internal_metadata".* FROM "ar_internal_metadata" WHERE "ar_internal_metadata"."key" = $1 LIMIT $2[0m  [["key", "environment"], ["LIMIT", 1]]
  [1m[35m (0.1ms)[0m  [1m[34mSELECT pg_advisory_unlock(6566021379763771380)[0m
  [1m[35m (0.3ms)[0m  [1m[34mSELECT "schema_migrations"."version" FROM "schema_migrations" ORDER BY "schema_migrations"."version" ASC[0m
  [1m[35m (0.3ms)[0m  [1m[34mSELECT "schema_migrations"."version" FROM "schema_migrations" ORDER BY "schema_migrations"."version" ASC[0m
  [1m[36mUser Load (0.8ms)[0m  [1m[34mSELECT "users".* FROM "users"[0m
  [1m[35m (0.1ms)[0m  [1m[35mBEGIN[0m
  [1m[36mUserEvent Load (1.7ms)[0m  [1m[34mSELECT "user_events".* FROM "user_events" WHERE "user_events"."user_id" = $1[0m  [["user_id", 143]]
  [1m[36mUserEvent Destroy (0.2ms)[0m  [1m[31mDELETE FROM "user_events" WHERE "user_events"."id" = $1[0m  [["id", 292]]
  [1m[36mUser Destroy (0.1ms)[0m  [1m[31mDELETE FROM "users" WHERE "users"."id" = $1[0m  [["id", 143]]
  [1m[35m (1.3ms)[0m  [1m[35mCOMMIT[0m
  [1m[35m (0.1ms)[0m  [1m[35mBEGIN[0m
  [1m[36mUserEvent Load (0.1ms)[0m  [1m[34mSELECT "user_events".* FROM "user_events" WHERE "user_events"."user_id" = $1[0m  [["user_id", 144]]
  [1m[36mUserEvent Destroy (0.3ms)[0m  [1m[31mDELETE FROM "user_events" WHERE "user_events"."id" = $1[0m  [["id", 298]]
  [1m[36mUserEvent Destroy (0.1ms)[0m  [1m[31mDELETE FROM "user_events" WHERE "user_events"."id" = $1[0m  [["id", 305]]
  [1m[36mUserEvent Destroy (0.1ms)[0m  [1m[31mDELETE FROM "user_events" WHERE "user_events"."id" = $1[0m  [["id", 306]]
  [1m[36mUser Destroy (0.2ms)[0m  [1m[31mDELETE FROM "users" WHERE "users"."id" = $1[0m  [["id", 144]]
  [1m[35m (1.0ms)[0m  [1m[35mCOMMIT[0m
  [1m[35m (0.1ms)[0m  [1m[35mBEGIN[0m
  [1m[36mUserEvent Load (0.1ms)[0m  [1m[34mSELECT "user_events".* FROM "user_events" WHERE "user_events"."user_id" = $1[0m  [["user_id", 145]]
  [1m[36mUserEvent Destroy (0.1ms)[0m  [1m[31mDELETE FROM "user_events" WHERE "user_events"."id" = $1[0m  [["id", 299]]
  [1m[36mUser Destroy (0.1ms)[0m  [1m[31mDELETE FROM "users" WHERE "users"."id" = $1[0m  [["id", 145]]
  [1m[35m (0.8ms)[0m  [1m[35mCOMMIT[0m
  [1m[35m (0.1ms)[0m  [1m[35mBEGIN[0m
  [1m[36mUserEvent Load (0.1ms)[0m  [1m[34mSELECT "user_events".* FROM "user_events" WHERE "user_events"."user_id" = $1[0m  [["user_id", 146]]
  [1m[36mUser Destroy (0.1ms)[0m  [1m[31mDELETE FROM "users" WHERE "users"."id" = $1[0m  [["id", 146]]
  [1m[35m (0.9ms)[0m  [1m[35mCOMMIT[0m
  [1m[35m (0.1ms)[0m  [1m[35mBEGIN[0m
  [1m[36mUserEvent Load (0.1ms)[0m  [1m[34mSELECT "user_events".* FROM "user_events" WHERE "user_events"."user_id" = $1[0m  [["user_id", 147]]
  [1m[36mUserEvent Destroy (0.1ms)[0m  [1m[31mDELETE FROM "user_events" WHERE "user_events"."id" = $1[0m  [["id", 291]]
  [1m[36mUserEvent Destroy (0.1ms)[0m  [1m[31mDELETE FROM "user_events" WHERE "user_events"."id" = $1[0m  [["id", 294]]
  [1m[36mUserEvent Destroy (0.1ms)[0m  [1m[31mDELETE FROM "user_events" WHERE "user_events"."id" = $1[0m  [["id", 296]]
  [1m[36mUserEvent Destroy (0.1ms)[0m  [1m[31mDELETE FROM "user_events" WHERE "user_events"."id" = $1[0m  [["id", 297]]
  [1m[36mUser Destroy (0.1ms)[0m  [1m[31mDELETE FROM "users" WHERE "users"."id" = $1[0m  [["id", 147]]
  [1m[35m (0.9ms)[0m  [1m[35mCOMMIT[0m
  [1m[35m (0.1ms)[0m  [1m[35mBEGIN[0m
  [1m[36mUserEvent Load (0.1ms)[0m  [1m[34mSELECT "user_events".* FROM "user_events" WHERE "user_events"."user_id" = $1[0m  [["user_id", 148]]
  [1m[36mUserEvent Destroy (0.1ms)[0m  [1m[31mDELETE FROM "user_events" WHERE "user_events"."id" = $1[0m  [["id", 289]]
  [1m[36mUserEvent Destroy (0.1ms)[0m  [1m[31mDELETE FROM "user_events" WHERE "user_events"."id" = $1[0m  [["id", 301]]
  [1m[36mUser Destroy (0.1ms)[0m  [1m[31mDELETE FROM "users" WHERE "users"."id" = $1[0m  [["id", 148]]
  [1m[35m (0.8ms)[0m  [1m[35mCOMMIT[0m
  [1m[35m (0.1ms)[0m  [1m[35mBEGIN[0m
  [1m[36mUserEvent Load (0.1ms)[0m  [1m[34mSELECT "user_events".* FROM "user_events" WHERE "user_events"."user_id" = $1[0m  [["user_id", 149]]
  [1m[36mUserEvent Destroy (0.1ms)[0m  [1m[31mDELETE FROM "user_events" WHERE "user_events"."id" = $1[0m  [["id", 290]]
  [1m[36mUserEvent Destroy (0.1ms)[0m  [1m[31mDELETE FROM "user_events" WHERE "user_events"."id" = $1[0m  [["id", 293]]
  [1m[36mUserEvent Destroy (0.1ms)[0m  [1m[31mDELETE FROM "user_events" WHERE "user_events"."id" = $1[0m  [["id", 303]]
  [1m[36mUserEvent Destroy (0.1ms)[0m  [1m[31mDELETE FROM "user_events" WHERE "user_events"."id" = $1[0m  [["id", 304]]
  [1m[36mUser Destroy (0.1ms)[0m  [1m[31mDELETE FROM "users" WHERE "users"."id" = $1[0m  [["id", 149]]
  [1m[35m (0.9ms)[0m  [1m[35mCOMMIT[0m
  [1m[35m (0.1ms)[0m  [1m[35mBEGIN[0m
  [1m[36mUserEvent Load (0.1ms)[0m  [1m[34mSELECT "user_events".* FROM "user_events" WHERE "user_events"."user_id" = $1[0m  [["user_id", 150]]
  [1m[36mUserEvent Destroy (0.1ms)[0m  [1m[31mDELETE FROM "user_events" WHERE "user_events"."id" = $1[0m  [["id", 287]]
  [1m[36mUserEvent Destroy (0.1ms)[0m  [1m[31mDELETE FROM "user_events" WHERE "user_events"."id" = $1[0m  [["id", 288]]
  [1m[36mUserEvent Destroy (0.1ms)[0m  [1m[31mDELETE FROM "user_events" WHERE "user_events"."id" = $1[0m  [["id", 295]]
  [1m[36mUserEvent Destroy (0.1ms)[0m  [1m[31mDELETE FROM "user_events" WHERE "user_events"."id" = $1[0m  [["id", 300]]
  [1m[36mUserEvent Destroy (0.1ms)[0m  [1m[31mDELETE FROM "user_events" WHERE "user_events"."id" = $1[0m  [["id", 302]]
  [1m[36mUser Destroy (0.2ms)[0m  [1m[31mDELETE FROM "users" WHERE "users"."id" = $1[0m  [["id", 150]]
  [1m[35m (1.0ms)[0m  [1m[35mCOMMIT[0m
  [1m[35m (0.1ms)[0m  [1m[35mBEGIN[0m
  [1m[36mUserEvent Load (0.1ms)[0m  [1m[34mSELECT "user_events".* FROM "user_events" WHERE "user_events"."user_id" = $1[0m  [["user_id", 151]]
  [1m[36mUserEvent Destroy (0.1ms)[0m  [1m[31mDELETE FROM "user_events" WHERE "user_events"."id" = $1[0m  [["id", 307]]
  [1m[36mUser Destroy (0.1ms)[0m  [1m[31mDELETE FROM "users" WHERE "users"."id" = $1[0m  [["id", 151]]
  [1m[35m (0.8ms)[0m  [1m[35mCOMMIT[0m
  [1m[36mEvent Load (1.8ms)[0m  [1m[34mSELECT "events".* FROM "events"[0m
  [1m[35m (0.1ms)[0m  [1m[35mBEGIN[0m
  [1m[36mEvent Destroy (0.1ms)[0m  [1m[31mDELETE FROM "events" WHERE "events"."id" = $1[0m  [["id", 227]]
  [1m[35m (0.9ms)[0m  [1m[35mCOMMIT[0m
  [1m[35m (0.1ms)[0m  [1m[35mBEGIN[0m
  [1m[36mEvent Destroy (0.1ms)[0m  [1m[31mDELETE FROM "events" WHERE "events"."id" = $1[0m  [["id", 228]]
  [1m[35m (0.8ms)[0m  [1m[35mCOMMIT[0m
  [1m[35m (0.1ms)[0m  [1m[35mBEGIN[0m
  [1m[36mEvent Destroy (0.1ms)[0m  [1m[31mDELETE FROM "events" WHERE "events"."id" = $1[0m  [["id", 229]]
  [1m[35m (0.8ms)[0m  [1m[35mCOMMIT[0m
  [1m[35m (0.1ms)[0m  [1m[35mBEGIN[0m
  [1m[36mEvent Destroy (0.1ms)[0m  [1m[31mDELETE FROM "events" WHERE "events"."id" = $1[0m  [["id", 230]]
  [1m[35m (0.8ms)[0m  [1m[35mCOMMIT[0m
  [1m[35m (0.1ms)[0m  [1m[35mBEGIN[0m
  [1m[36mEvent Destroy (0.1ms)[0m  [1m[31mDELETE FROM "events" WHERE "events"."id" = $1[0m  [["id", 231]]
  [1m[35m (0.8ms)[0m  [1m[35mCOMMIT[0m
  [1m[35m (0.1ms)[0m  [1m[35mBEGIN[0m
  [1m[36mEvent Destroy (0.1ms)[0m  [1m[31mDELETE FROM "events" WHERE "events"."id" = $1[0m  [["id", 232]]
  [1m[35m (0.8ms)[0m  [1m[35mCOMMIT[0m
  [1m[35m (0.1ms)[0m  [1m[35mBEGIN[0m
  [1m[36mEvent Destroy (0.1ms)[0m  [1m[31mDELETE FROM "events" WHERE "events"."id" = $1[0m  [["id", 233]]
  [1m[35m (0.9ms)[0m  [1m[35mCOMMIT[0m
  [1m[35m (0.1ms)[0m  [1m[35mBEGIN[0m
  [1m[36mEvent Destroy (0.1ms)[0m  [1m[31mDELETE FROM "events" WHERE "events"."id" = $1[0m  [["id", 234]]
  [1m[35m (0.8ms)[0m  [1m[35mCOMMIT[0m
  [1m[35m (0.1ms)[0m  [1m[35mBEGIN[0m
  [1m[36mEvent Destroy (0.1ms)[0m  [1m[31mDELETE FROM "events" WHERE "events"."id" = $1[0m  [["id", 235]]
  [1m[35m (0.8ms)[0m  [1m[35mCOMMIT[0m
  [1m[35m (0.1ms)[0m  [1m[35mBEGIN[0m
  [1m[36mEvent Destroy (0.1ms)[0m  [1m[31mDELETE FROM "events" WHERE "events"."id" = $1[0m  [["id", 236]]
  [1m[35m (0.8ms)[0m  [1m[35mCOMMIT[0m
  [1m[36mUserEvent Load (0.1ms)[0m  [1m[34mSELECT "user_events".* FROM "user_events"[0m
  [1m[35m (0.1ms)[0m  [1m[35mBEGIN[0m
  [1m[36mUser Exists? (0.4ms)[0m  [1m[34mSELECT 1 AS one FROM "users" WHERE LOWER("users"."username") = LOWER($1) LIMIT $2[0m  [["username", "its_me_luis"], ["LIMIT", 1]]
  [1m[36mUser Create (2.3ms)[0m  [1m[32mINSERT INTO "users" ("username", "password_digest", "created_at", "updated_at") VALUES ($1, $2, $3, $4) RETURNING "id"[0m  [["username", "its_me_luis"], ["password_digest", "8QeYi09Nq9EeK"], ["created_at", "2020-10-05 20:50:44.077064"], ["updated_at", "2020-10-05 20:50:44.077064"]]
  [1m[35m (0.8ms)[0m  [1m[35mCOMMIT[0m
  [1m[35m (0.1ms)[0m  [1m[35mBEGIN[0m
  [1m[36mUser Exists? (0.1ms)[0m  [1m[34mSELECT 1 AS one FROM "users" WHERE LOWER("users"."username") = LOWER($1) LIMIT $2[0m  [["username", "notalicia"], ["LIMIT", 1]]
  [1m[36mUser Create (0.1ms)[0m  [1m[32mINSERT INTO "users" ("username", "password_digest", "created_at", "updated_at") VALUES ($1, $2, $3, $4) RETURNING "id"[0m  [["username", "notalicia"], ["password_digest", "ExGh5UnT"], ["created_at", "2020-10-05 20:50:44.082796"], ["updated_at", "2020-10-05 20:50:44.082796"]]
  [1m[35m (0.8ms)[0m  [1m[35mCOMMIT[0m
  [1m[35m (0.1ms)[0m  [1m[35mBEGIN[0m
  [1m[36mUser Exists? (0.1ms)[0m  [1m[34mSELECT 1 AS one FROM "users" WHERE LOWER("users"."username") = LOWER($1) LIMIT $2[0m  [["username", "jeff_splageff"], ["LIMIT", 1]]
  [1m[36mUser Create (0.1ms)[0m  [1m[32mINSERT INTO "users" ("username", "password_digest", "created_at", "updated_at") VALUES ($1, $2, $3, $4) RETURNING "id"[0m  [["username", "jeff_splageff"], ["password_digest", "F583nAr3J0w"], ["created_at", "2020-10-05 20:50:44.086248"], ["updated_at", "2020-10-05 20:50:44.086248"]]
  [1m[35m (0.8ms)[0m  [1m[35mCOMMIT[0m
  [1m[35m (0.1ms)[0m  [1m[35mBEGIN[0m
  [1m[36mUser Exists? (0.1ms)[0m  [1m[34mSELECT 1 AS one FROM "users" WHERE LOWER("users"."username") = LOWER($1) LIMIT $2[0m  [["username", "sonyabagonia"], ["LIMIT", 1]]
  [1m[36mUser Create (0.1ms)[0m  [1m[32mINSERT INTO "users" ("username", "password_digest", "created_at", "updated_at") VALUES ($1, $2, $3, $4) RETURNING "id"[0m  [["username", "sonyabagonia"], ["password_digest", "J2nUyL2r7H7jMpQ"], ["created_at", "2020-10-05 20:50:44.089640"], ["updated_at", "2020-10-05 20:50:44.089640"]]
  [1m[35m (0.8ms)[0m  [1m[35mCOMMIT[0m
  [1m[35m (0.1ms)[0m  [1m[35mBEGIN[0m
  [1m[36mUser Exists? (0.1ms)[0m  [1m[34mSELECT 1 AS one FROM "users" WHERE LOWER("users"."username") = LOWER($1) LIMIT $2[0m  [["username", "charliecheese46"], ["LIMIT", 1]]
  [1m[36mUser Create (0.1ms)[0m  [1m[32mINSERT INTO "users" ("username", "password_digest", "created_at", "updated_at") VALUES ($1, $2, $3, $4) RETURNING "id"[0m  [["username", "charliecheese46"], ["password_digest", "Ms3RkJaJzJvQkX3q"], ["created_at", "2020-10-05 20:50:44.093035"], ["updated_at", "2020-10-05 20:50:44.093035"]]
  [1m[35m (0.8ms)[0m  [1m[35mCOMMIT[0m
  [1m[35m (0.1ms)[0m  [1m[35mBEGIN[0m
  [1m[36mUser Exists? (0.1ms)[0m  [1m[34mSELECT 1 AS one FROM "users" WHERE LOWER("users"."username") = LOWER($1) LIMIT $2[0m  [["username", "penelope.booze"], ["LIMIT", 1]]
  [1m[36mUser Create (0.2ms)[0m  [1m[32mINSERT INTO "users" ("username", "password_digest", "created_at", "updated_at") VALUES ($1, $2, $3, $4) RETURNING "id"[0m  [["username", "penelope.booze"], ["password_digest", "HbM4aNoC25o1H9"], ["created_at", "2020-10-05 20:50:44.101469"], ["updated_at", "2020-10-05 20:50:44.101469"]]
  [1m[35m (1.0ms)[0m  [1m[35mCOMMIT[0m
  [1m[35m (0.1ms)[0m  [1m[35mBEGIN[0m
  [1m[36mUser Exists? (0.1ms)[0m  [1m[34mSELECT 1 AS one FROM "users" WHERE LOWER("users"."username") = LOWER($1) LIMIT $2[0m  [["username", "tina_turnip7"], ["LIMIT", 1]]
  [1m[36mUser Create (0.1ms)[0m  [1m[32mINSERT INTO "users" ("username", "password_digest", "created_at", "updated_at") VALUES ($1, $2, $3, $4) RETURNING "id"[0m  [["username", "tina_turnip7"], ["password_digest", "HfIiY23h082HzU2"], ["created_at", "2020-10-05 20:50:44.105379"], ["updated_at", "2020-10-05 20:50:44.105379"]]
  [1m[35m (0.8ms)[0m  [1m[35mCOMMIT[0m
  [1m[35m (0.1ms)[0m  [1m[35mBEGIN[0m
  [1m[36mUser Exists? (0.2ms)[0m  [1m[34mSELECT 1 AS one FROM "users" WHERE LOWER("users"."username") = LOWER($1) LIMIT $2[0m  [["username", "duh_me_tree"], ["LIMIT", 1]]
  [1m[36mUser Create (0.1ms)[0m  [1m[32mINSERT INTO "users" ("username", "password_digest", "created_at", "updated_at") VALUES ($1, $2, $3, $4) RETURNING "id"[0m  [["username", "duh_me_tree"], ["password_digest", "LuMyBiT3c2Hg"], ["created_at", "2020-10-05 20:50:44.109085"], ["updated_at", "2020-10-05 20:50:44.109085"]]
  [1m[35m (0.8ms)[0m  [1m[35mCOMMIT[0m
  [1m[36mUser Load (0.1ms)[0m  [1m[34mSELECT "users".* FROM "users"[0m
  [1m[35m (0.1ms)[0m  [1m[35mBEGIN[0m
  [1m[36mUser Load (0.1ms)[0m  [1m[34mSELECT "users".* FROM "users" WHERE "users"."id" = $1 LIMIT $2[0m  [["id", 154], ["LIMIT", 1]]
  [1m[36mEvent Create (2.1ms)[0m  [1m[32mINSERT INTO "events" ("title", "description", "user_id", "created_at", "updated_at", "date", "thumbnail", "category") VALUES ($1, $2, $3, $4, $5, $6, $7, $8) RETURNING "id"[0m  [["title", "Sophie's birthday"], ["description", "Lets get together to celebrate Sophie turning 25!"], ["user_id", 154], ["created_at", "2020-10-05 20:50:44.113850"], ["updated_at", "2020-10-05 20:50:44.113850"], ["date", "2020-09-18"], ["thumbnail", "https://ca-times.brightspotcdn.com/dims4/default/9321c96/2147483647/strip/true/crop/2400x1350+0+125/resize/1200x675!/quality/90/?url=https%3A%2F%2Fcalifornia-times-brightspot.s3.amazonaws.com%2F91%2F37%2Ff1c988db40109234e505b4891a05%2Fla-zoom-party-etiquette.jpg"], ["category", "Zoom Party"]]
  [1m[35m (1.1ms)[0m  [1m[35mCOMMIT[0m
  [1m[36mUser Load (0.1ms)[0m  [1m[34mSELECT "users".* FROM "users"[0m
  [1m[35m (0.1ms)[0m  [1m[35mBEGIN[0m
  [1m[36mUser Load (0.1ms)[0m  [1m[34mSELECT "users".* FROM "users" WHERE "users"."id" = $1 LIMIT $2[0m  [["id", 157], ["LIMIT", 1]]
  [1m[36mEvent Create (0.1ms)[0m  [1m[32mINSERT INTO "events" ("title", "description", "user_id", "created_at", "updated_at", "date", "thumbnail", "category") VALUES ($1, $2, $3, $4, $5, $6, $7, $8) RETURNING "id"[0m  [["title", "Jackbox games!"], ["description", "Get ready for some fun!"], ["user_id", 157], ["created_at", "2020-10-05 20:50:44.120343"], ["updated_at", "2020-10-05 20:50:44.120343"], ["date", "2020-09-17"], ["thumbnail", "https://mk0snacknationnm0gwv.kinstacdn.com/wp-content/uploads/2020/08/virtual_game_night.png"], ["category", "Game Night"]]
  [1m[35m (0.8ms)[0m  [1m[35mCOMMIT[0m
  [1m[36mUser Load (0.1ms)[0m  [1m[34mSELECT "users".* FROM "users"[0m
  [1m[35m (0.1ms)[0m  [1m[35mBEGIN[0m
  [1m[36mUser Load (0.1ms)[0m  [1m[34mSELECT "users".* FROM "users" WHERE "users"."id" = $1 LIMIT $2[0m  [["id", 156], ["LIMIT", 1]]
  [1m[36mEvent Create (0.1ms)[0m  [1m[32mINSERT INTO "events" ("title", "description", "user_id", "created_at", "updated_at", "date", "thumbnail", "category") VALUES ($1, $2, $3, $4, $5, $6, $7, $8) RETURNING "id"[0m  [["title", "After work drinks"], ["description", "Lets get durnk"], ["user_id", 156], ["created_at", "2020-10-05 20:50:44.124534"], ["updated_at", "2020-10-05 20:50:44.124534"], ["date", "2020-09-17"], ["thumbnail", "https://assets.simpleviewinc.com/simpleview/image/upload/c_fill,h_600,q_75,w_1440/v1/clients/palmsprings/HappyHour_shutterstock_9516081f-6dc6-4844-a64a-e8834ecf2831.jpg"], ["category", "Happy Hour"]]
  [1m[35m (0.8ms)[0m  [1m[35mCOMMIT[0m
  [1m[36mUser Load (0.1ms)[0m  [1m[34mSELECT "users".* FROM "users"[0m
  [1m[35m (0.1ms)[0m  [1m[35mBEGIN[0m
  [1m[36mUser Load (0.1ms)[0m  [1m[34mSELECT "users".* FROM "users" WHERE "users"."id" = $1 LIMIT $2[0m  [["id", 156], ["LIMIT", 1]]
  [1m[36mEvent Create (0.1ms)[0m  [1m[32mINSERT INTO "events" ("title", "description", "user_id", "created_at", "updated_at", "date", "thumbnail", "category") VALUES ($1, $2, $3, $4, $5, $6, $7, $8) RETURNING "id"[0m  [["title", "Foreign policy discussion"], ["description", "Every country is a threat to our democracy. America"], ["user_id", 156], ["created_at", "2020-10-05 20:50:44.128831"], ["updated_at", "2020-10-05 20:50:44.128831"], ["date", "2020-09-18"], ["thumbnail", "https://ourpolitics.net/wp-content/uploads/2018/02/pov620-twitter.jpg"], ["category", "Political Discussion"]]
  [1m[35m (0.9ms)[0m  [1m[35mCOMMIT[0m
  [1m[36mUser Load (0.2ms)[0m  [1m[34mSELECT "users".* FROM "users"[0m
  [1m[35m (0.1ms)[0m  [1m[35mBEGIN[0m
  [1m[36mUser Load (0.1ms)[0m  [1m[34mSELECT "users".* FROM "users" WHERE "users"."id" = $1 LIMIT $2[0m  [["id", 152], ["LIMIT", 1]]
  [1m[36mEvent Create (0.2ms)[0m  [1m[32mINSERT INTO "events" ("title", "description", "user_id", "created_at", "updated_at", "date", "thumbnail", "category") VALUES ($1, $2, $3, $4, $5, $6, $7, $8) RETURNING "id"[0m  [["title", "Charades"], ["description", "You already know how to play! I love this game and nobody will ever play with me. Please come."], ["user_id", 152], ["created_at", "2020-10-05 20:50:44.133359"], ["updated_at", "2020-10-05 20:50:44.133359"], ["date", "2020-09-14"], ["thumbnail", "https://mk0snacknationnm0gwv.kinstacdn.com/wp-content/uploads/2020/08/virtual_game_night.png"], ["category", "Game Night"]]
  [1m[35m (0.9ms)[0m  [1m[35mCOMMIT[0m
  [1m[36mUser Load (0.1ms)[0m  [1m[34mSELECT "users".* FROM "users"[0m
  [1m[35m (0.1ms)[0m  [1m[35mBEGIN[0m
  [1m[36mUser Load (0.1ms)[0m  [1m[34mSELECT "users".* FROM "users" WHERE "users"."id" = $1 LIMIT $2[0m  [["id", 153], ["LIMIT", 1]]
  [1m[36mEvent Create (0.2ms)[0m  [1m[32mINSERT INTO "events" ("title", "description", "user_id", "created_at", "updated_at", "date", "thumbnail", "category") VALUES ($1, $2, $3, $4, $5, $6, $7, $8) RETURNING "id"[0m  [["title", "Halloween pre-party"], ["description", "I know Halloween isn't until October but there's a global pandemic so we can celebrate it now too...costume mandatory and BYOB"], ["user_id", 153], ["created_at", "2020-10-05 20:50:44.137966"], ["updated_at", "2020-10-05 20:50:44.137966"], ["date", "2020-09-18"], ["thumbnail", "https://ca-times.brightspotcdn.com/dims4/default/9321c96/2147483647/strip/true/crop/2400x1350+0+125/resize/1200x675!/quality/90/?url=https%3A%2F%2Fcalifornia-times-brightspot.s3.amazonaws.com%2F91%2F37%2Ff1c988db40109234e505b4891a05%2Fla-zoom-party-etiquette.jpg"], ["category", "Zoom Party"]]
  [1m[35m (0.9ms)[0m  [1m[35mCOMMIT[0m
  [1m[36mUser Load (0.1ms)[0m  [1m[34mSELECT "users".* FROM "users"[0m
  [1m[35m (0.1ms)[0m  [1m[35mBEGIN[0m
  [1m[36mUser Load (0.1ms)[0m  [1m[34mSELECT "users".* FROM "users" WHERE "users"."id" = $1 LIMIT $2[0m  [["id", 159], ["LIMIT", 1]]
  [1m[36mEvent Create (0.2ms)[0m  [1m[32mINSERT INTO "events" ("title", "description", "user_id", "created_at", "updated_at", "date", "thumbnail", "category") VALUES ($1, $2, $3, $4, $5, $6, $7, $8) RETURNING "id"[0m  [["title", "Visiting an annual sanctuary!"], ["description", "This is gonna be soooo cute! Let's all do this AirBnB experience together."], ["user_id", 159], ["created_at", "2020-10-05 20:50:44.142578"], ["updated_at", "2020-10-05 20:50:44.142578"], ["date", "2020-09-10"], ["thumbnail", "https://www.nsbuzz.ca/wp-content/uploads/2020/06/airbnbexperiences.jpg"], ["category", "AirBnB Experience"]]
  [1m[35m (1.0ms)[0m  [1m[35mCOMMIT[0m
  [1m[36mUser Load (0.1ms)[0m  [1m[34mSELECT "users".* FROM "users"[0m
  [1m[35m (0.1ms)[0m  [1m[35mBEGIN[0m
  [1m[36mUser Load (0.1ms)[0m  [1m[34mSELECT "users".* FROM "users" WHERE "users"."id" = $1 LIMIT $2[0m  [["id", 155], ["LIMIT", 1]]
  [1m[36mEvent Create (0.3ms)[0m  [1m[32mINSERT INTO "events" ("title", "description", "user_id", "created_at", "updated_at", "date", "thumbnail", "category") VALUES ($1, $2, $3, $4, $5, $6, $7, $8) RETURNING "id"[0m  [["title", "RBG appreciation meeting"], ["description", "Lets talk about how wonderful Ruth Bader Ginsburg is."], ["user_id", 155], ["created_at", "2020-10-05 20:50:44.147234"], ["updated_at", "2020-10-05 20:50:44.147234"], ["date", "2020-09-17"], ["thumbnail", "https://ourpolitics.net/wp-content/uploads/2018/02/pov620-twitter.jpg"], ["category", "Political Discussion"]]
  [1m[35m (0.9ms)[0m  [1m[35mCOMMIT[0m
  [1m[36mUser Load (0.2ms)[0m  [1m[34mSELECT "users".* FROM "users"[0m
  [1m[35m (0.1ms)[0m  [1m[35mBEGIN[0m
  [1m[36mUser Load (0.1ms)[0m  [1m[34mSELECT "users".* FROM "users" WHERE "users"."id" = $1 LIMIT $2[0m  [["id", 155], ["LIMIT", 1]]
  [1m[36mEvent Create (0.2ms)[0m  [1m[32mINSERT INTO "events" ("title", "description", "user_id", "created_at", "updated_at", "date", "thumbnail", "category") VALUES ($1, $2, $3, $4, $5, $6, $7, $8) RETURNING "id"[0m  [["title", "Apple martini making"], ["description", "I'm gonna teach you to make a martini and we can all hang out."], ["user_id", 155], ["created_at", "2020-10-05 20:50:44.151938"], ["updated_at", "2020-10-05 20:50:44.151938"], ["date", "2020-09-16"], ["thumbnail", "https://assets.simpleviewinc.com/simpleview/image/upload/c_fill,h_600,q_75,w_1440/v1/clients/palmsprings/HappyHour_shutterstock_9516081f-6dc6-4844-a64a-e8834ecf2831.jpg"], ["category", "Happy Hour"]]
  [1m[35m (0.9ms)[0m  [1m[35mCOMMIT[0m
  [1m[36mUser Load (0.1ms)[0m  [1m[34mSELECT "users".* FROM "users"[0m
  [1m[35m (0.1ms)[0m  [1m[35mBEGIN[0m
  [1m[36mUser Load (0.1ms)[0m  [1m[34mSELECT "users".* FROM "users" WHERE "users"."id" = $1 LIMIT $2[0m  [["id", 158], ["LIMIT", 1]]
  [1m[36mEvent Create (0.1ms)[0m  [1m[32mINSERT INTO "events" ("title", "description", "user_id", "created_at", "updated_at", "date", "thumbnail", "category") VALUES ($1, $2, $3, $4, $5, $6, $7, $8) RETURNING "id"[0m  [["title", "Lets drink"], ["description", "Self explanatory"], ["user_id", 158], ["created_at", "2020-10-05 20:50:44.156325"], ["updated_at", "2020-10-05 20:50:44.156325"], ["date", "2020-09-12"], ["thumbnail", "https://assets.simpleviewinc.com/simpleview/image/upload/c_fill,h_600,q_75,w_1440/v1/clients/palmsprings/HappyHour_shutterstock_9516081f-6dc6-4844-a64a-e8834ecf2831.jpg"], ["category", "Happy Hour"]]
  [1m[35m (0.9ms)[0m  [1m[35mCOMMIT[0m
  [1m[36mUser Load (0.1ms)[0m  [1m[34mSELECT "users".* FROM "users"[0m
  [1m[36mEvent Load (0.2ms)[0m  [1m[34mSELECT "events".* FROM "events"[0m
  [1m[35m (0.1ms)[0m  [1m[35mBEGIN[0m
  [1m[36mUser Load (0.1ms)[0m  [1m[34mSELECT "users".* FROM "users" WHERE "users"."id" = $1 LIMIT $2[0m  [["id", 157], ["LIMIT", 1]]
  [1m[36mEvent Load (0.1ms)[0m  [1m[34mSELECT "events".* FROM "events" WHERE "events"."id" = $1 LIMIT $2[0m  [["id", 245], ["LIMIT", 1]]
  [1m[36mUserEvent Create (1.6ms)[0m  [1m[32mINSERT INTO "user_events" ("user_id", "event_id", "created_at", "updated_at") VALUES ($1, $2, $3, $4) RETURNING "id"[0m  [["user_id", 157], ["event_id", 245], ["created_at", "2020-10-05 20:50:44.166758"], ["updated_at", "2020-10-05 20:50:44.166758"]]
  [1m[35m (0.9ms)[0m  [1m[35mCOMMIT[0m
  [1m[36mUser Load (0.1ms)[0m  [1m[34mSELECT "users".* FROM "users"[0m
  [1m[36mEvent Load (0.1ms)[0m  [1m[34mSELECT "events".* FROM "events"[0m
  [1m[35m (0.1ms)[0m  [1m[35mBEGIN[0m
  [1m[36mUser Load (0.1ms)[0m  [1m[34mSELECT "users".* FROM "users" WHERE "users"."id" = $1 LIMIT $2[0m  [["id", 158], ["LIMIT", 1]]
  [1m[36mEvent Load (0.1ms)[0m  [1m[34mSELECT "events".* FROM "events" WHERE "events"."id" = $1 LIMIT $2[0m  [["id", 245], ["LIMIT", 1]]
  [1m[36mUserEvent Create (0.1ms)[0m  [1m[32mINSERT INTO "user_events" ("user_id", "event_id", "created_at", "updated_at") VALUES ($1, $2, $3, $4) RETURNING "id"[0m  [["user_id", 158], ["event_id", 245], ["created_at", "2020-10-05 20:50:44.174116"], ["updated_at", "2020-10-05 20:50:44.174116"]]
  [1m[35m (0.9ms)[0m  [1m[35mCOMMIT[0m
  [1m[36mUser Load (0.1ms)[0m  [1m[34mSELECT "users".* FROM "users"[0m
  [1m[36mEvent Load (0.1ms)[0m  [1m[34mSELECT "events".* FROM "events"[0m
  [1m[35m (0.1ms)[0m  [1m[35mBEGIN[0m
  [1m[36mUser Load (0.1ms)[0m  [1m[34mSELECT "users".* FROM "users" WHERE "users"."id" = $1 LIMIT $2[0m  [["id", 155], ["LIMIT", 1]]
  [1m[36mEvent Load (0.1ms)[0m  [1m[34mSELECT "events".* FROM "events" WHERE "events"."id" = $1 LIMIT $2[0m  [["id", 238], ["LIMIT", 1]]
  [1m[36mUserEvent Create (0.1ms)[0m  [1m[32mINSERT INTO "user_events" ("user_id", "event_id", "created_at", "updated_at") VALUES ($1, $2, $3, $4) RETURNING "id"[0m  [["user_id", 155], ["event_id", 238], ["created_at", "2020-10-05 20:50:44.179746"], ["updated_at", "2020-10-05 20:50:44.179746"]]
  [1m[35m (0.8ms)[0m  [1m[35mCOMMIT[0m
  [1m[36mUser Load (0.1ms)[0m  [1m[34mSELECT "users".* FROM "users"[0m
  [1m[36mEvent Load (0.1ms)[0m  [1m[34mSELECT "events".* FROM "events"[0m
  [1m[35m (0.1ms)[0m  [1m[35mBEGIN[0m
  [1m[36mUser Load (0.1ms)[0m  [1m[34mSELECT "users".* FROM "users" WHERE "users"."id" = $1 LIMIT $2[0m  [["id", 155], ["LIMIT", 1]]
  [1m[36mEvent Load (0.1ms)[0m  [1m[34mSELECT "events".* FROM "events" WHERE "events"."id" = $1 LIMIT $2[0m  [["id", 239], ["LIMIT", 1]]
  [1m[36mUserEvent Create (0.1ms)[0m  [1m[32mINSERT INTO "user_events" ("user_id", "event_id", "created_at", "updated_at") VALUES ($1, $2, $3, $4) RETURNING "id"[0m  [["user_id", 155], ["event_id", 239], ["created_at", "2020-10-05 20:50:44.185209"], ["updated_at", "2020-10-05 20:50:44.185209"]]
  [1m[35m (0.8ms)[0m  [1m[35mCOMMIT[0m
  [1m[36mUser Load (0.1ms)[0m  [1m[34mSELECT "users".* FROM "users"[0m
  [1m[36mEvent Load (0.1ms)[0m  [1m[34mSELECT "events".* FROM "events"[0m
  [1m[35m (0.1ms)[0m  [1m[35mBEGIN[0m
  [1m[36mUser Load (0.1ms)[0m  [1m[34mSELECT "users".* FROM "users" WHERE "users"."id" = $1 LIMIT $2[0m  [["id", 153], ["LIMIT", 1]]
  [1m[36mEvent Load (0.1ms)[0m  [1m[34mSELECT "events".* FROM "events" WHERE "events"."id" = $1 LIMIT $2[0m  [["id", 241], ["LIMIT", 1]]
  [1m[36mUserEvent Create (0.1ms)[0m  [1m[32mINSERT INTO "user_events" ("user_id", "event_id", "created_at", "updated_at") VALUES ($1, $2, $3, $4) RETURNING "id"[0m  [["user_id", 153], ["event_id", 241], ["created_at", "2020-10-05 20:50:44.190718"], ["updated_at", "2020-10-05 20:50:44.190718"]]
  [1m[35m (0.9ms)[0m  [1m[35mCOMMIT[0m
  [1m[36mUser Load (0.1ms)[0m  [1m[34mSELECT "users".* FROM "users"[0m
  [1m[36mEvent Load (0.1ms)[0m  [1m[34mSELECT "events".* FROM "events"[0m
  [1m[35m (0.1ms)[0m  [1m[35mBEGIN[0m
  [1m[36mUser Load (0.1ms)[0m  [1m[34mSELECT "users".* FROM "users" WHERE "users"."id" = $1 LIMIT $2[0m  [["id", 155], ["LIMIT", 1]]
  [1m[36mEvent Load (0.1ms)[0m  [1m[34mSELECT "events".* FROM "events" WHERE "events"."id" = $1 LIMIT $2[0m  [["id", 246], ["LIMIT", 1]]
  [1m[36mUserEvent Create (0.1ms)[0m  [1m[32mINSERT INTO "user_events" ("user_id", "event_id", "created_at", "updated_at") VALUES ($1, $2, $3, $4) RETURNING "id"[0m  [["user_id", 155], ["event_id", 246], ["created_at", "2020-10-05 20:50:44.196146"], ["updated_at", "2020-10-05 20:50:44.196146"]]
  [1m[35m (0.9ms)[0m  [1m[35mCOMMIT[0m
  [1m[36mUser Load (0.1ms)[0m  [1m[34mSELECT "users".* FROM "users"[0m
  [1m[36mEvent Load (0.1ms)[0m  [1m[34mSELECT "events".* FROM "events"[0m
  [1m[35m (0.1ms)[0m  [1m[35mBEGIN[0m
  [1m[36mUser Load (0.1ms)[0m  [1m[34mSELECT "users".* FROM "users" WHERE "users"."id" = $1 LIMIT $2[0m  [["id", 157], ["LIMIT", 1]]
  [1m[36mEvent Load (0.1ms)[0m  [1m[34mSELECT "events".* FROM "events" WHERE "events"."id" = $1 LIMIT $2[0m  [["id", 238], ["LIMIT", 1]]
  [1m[36mUserEvent Create (0.1ms)[0m  [1m[32mINSERT INTO "user_events" ("user_id", "event_id", "created_at", "updated_at") VALUES ($1, $2, $3, $4) RETURNING "id"[0m  [["user_id", 157], ["event_id", 238], ["created_at", "2020-10-05 20:50:44.201591"], ["updated_at", "2020-10-05 20:50:44.201591"]]
  [1m[35m (0.9ms)[0m  [1m[35mCOMMIT[0m
  [1m[36mUser Load (0.3ms)[0m  [1m[34mSELECT "users".* FROM "users"[0m
  [1m[36mEvent Load (0.2ms)[0m  [1m[34mSELECT "events".* FROM "events"[0m
  [1m[35m (0.1ms)[0m  [1m[35mBEGIN[0m
  [1m[36mUser Load (0.2ms)[0m  [1m[34mSELECT "users".* FROM "users" WHERE "users"."id" = $1 LIMIT $2[0m  [["id", 152], ["LIMIT", 1]]
  [1m[36mEvent Load (0.1ms)[0m  [1m[34mSELECT "events".* FROM "events" WHERE "events"."id" = $1 LIMIT $2[0m  [["id", 243], ["LIMIT", 1]]
  [1m[36mUserEvent Create (0.2ms)[0m  [1m[32mINSERT INTO "user_events" ("user_id", "event_id", "created_at", "updated_at") VALUES ($1, $2, $3, $4) RETURNING "id"[0m  [["user_id", 152], ["event_id", 243], ["created_at", "2020-10-05 20:50:44.208243"], ["updated_at", "2020-10-05 20:50:44.208243"]]
  [1m[35m (1.0ms)[0m  [1m[35mCOMMIT[0m
  [1m[36mUser Load (0.1ms)[0m  [1m[34mSELECT "users".* FROM "users"[0m
  [1m[36mEvent Load (0.1ms)[0m  [1m[34mSELECT "events".* FROM "events"[0m
  [1m[35m (0.1ms)[0m  [1m[35mBEGIN[0m
  [1m[36mUser Load (0.1ms)[0m  [1m[34mSELECT "users".* FROM "users" WHERE "users"."id" = $1 LIMIT $2[0m  [["id", 154], ["LIMIT", 1]]
  [1m[36mEvent Load (0.1ms)[0m  [1m[34mSELECT "events".* FROM "events" WHERE "events"."id" = $1 LIMIT $2[0m  [["id", 244], ["LIMIT", 1]]
  [1m[36mUserEvent Create (0.2ms)[0m  [1m[32mINSERT INTO "user_events" ("user_id", "event_id", "created_at", "updated_at") VALUES ($1, $2, $3, $4) RETURNING "id"[0m  [["user_id", 154], ["event_id", 244], ["created_at", "2020-10-05 20:50:44.214327"], ["updated_at", "2020-10-05 20:50:44.214327"]]
  [1m[35m (0.9ms)[0m  [1m[35mCOMMIT[0m
  [1m[36mUser Load (0.8ms)[0m  [1m[34mSELECT "users".* FROM "users"[0m
  [1m[36mEvent Load (0.1ms)[0m  [1m[34mSELECT "events".* FROM "events"[0m
  [1m[35m (0.1ms)[0m  [1m[35mBEGIN[0m
  [1m[36mUser Load (0.1ms)[0m  [1m[34mSELECT "users".* FROM "users" WHERE "users"."id" = $1 LIMIT $2[0m  [["id", 157], ["LIMIT", 1]]
  [1m[36mEvent Load (0.1ms)[0m  [1m[34mSELECT "events".* FROM "events" WHERE "events"."id" = $1 LIMIT $2[0m  [["id", 240], ["LIMIT", 1]]
  [1m[36mUserEvent Create (0.2ms)[0m  [1m[32mINSERT INTO "user_events" ("user_id", "event_id", "created_at", "updated_at") VALUES ($1, $2, $3, $4) RETURNING "id"[0m  [["user_id", 157], ["event_id", 240], ["created_at", "2020-10-05 20:50:44.225081"], ["updated_at", "2020-10-05 20:50:44.225081"]]
  [1m[35m (1.0ms)[0m  [1m[35mCOMMIT[0m
  [1m[36mUser Load (0.2ms)[0m  [1m[34mSELECT "users".* FROM "users"[0m
  [1m[36mEvent Load (0.1ms)[0m  [1m[34mSELECT "events".* FROM "events"[0m
  [1m[35m (0.1ms)[0m  [1m[35mBEGIN[0m
  [1m[36mUser Load (0.1ms)[0m  [1m[34mSELECT "users".* FROM "users" WHERE "users"."id" = $1 LIMIT $2[0m  [["id", 159], ["LIMIT", 1]]
  [1m[36mEvent Load (0.1ms)[0m  [1m[34mSELECT "events".* FROM "events" WHERE "events"."id" = $1 LIMIT $2[0m  [["id", 237], ["LIMIT", 1]]
  [1m[36mUserEvent Create (0.2ms)[0m  [1m[32mINSERT INTO "user_events" ("user_id", "event_id", "created_at", "updated_at") VALUES ($1, $2, $3, $4) RETURNING "id"[0m  [["user_id", 159], ["event_id", 237], ["created_at", "2020-10-05 20:50:44.231155"], ["updated_at", "2020-10-05 20:50:44.231155"]]
  [1m[35m (1.0ms)[0m  [1m[35mCOMMIT[0m
  [1m[36mUser Load (0.2ms)[0m  [1m[34mSELECT "users".* FROM "users"[0m
  [1m[36mEvent Load (0.1ms)[0m  [1m[34mSELECT "events".* FROM "events"[0m
  [1m[35m (0.1ms)[0m  [1m[35mBEGIN[0m
  [1m[36mUser Load (0.1ms)[0m  [1m[34mSELECT "users".* FROM "users" WHERE "users"."id" = $1 LIMIT $2[0m  [["id", 158], ["LIMIT", 1]]
  [1m[36mEvent Load (0.1ms)[0m  [1m[34mSELECT "events".* FROM "events" WHERE "events"."id" = $1 LIMIT $2[0m  [["id", 242], ["LIMIT", 1]]
  [1m[36mUserEvent Create (0.1ms)[0m  [1m[32mINSERT INTO "user_events" ("user_id", "event_id", "created_at", "updated_at") VALUES ($1, $2, $3, $4) RETURNING "id"[0m  [["user_id", 158], ["event_id", 242], ["created_at", "2020-10-05 20:50:44.237229"], ["updated_at", "2020-10-05 20:50:44.237229"]]
  [1m[35m (0.9ms)[0m  [1m[35mCOMMIT[0m
  [1m[36mUser Load (0.2ms)[0m  [1m[34mSELECT "users".* FROM "users"[0m
  [1m[36mEvent Load (0.1ms)[0m  [1m[34mSELECT "events".* FROM "events"[0m
  [1m[35m (0.1ms)[0m  [1m[35mBEGIN[0m
  [1m[36mUser Load (0.1ms)[0m  [1m[34mSELECT "users".* FROM "users" WHERE "users"."id" = $1 LIMIT $2[0m  [["id", 156], ["LIMIT", 1]]
  [1m[36mEvent Load (0.1ms)[0m  [1m[34mSELECT "events".* FROM "events" WHERE "events"."id" = $1 LIMIT $2[0m  [["id", 237], ["LIMIT", 1]]
  [1m[36mUserEvent Create (0.2ms)[0m  [1m[32mINSERT INTO "user_events" ("user_id", "event_id", "created_at", "updated_at") VALUES ($1, $2, $3, $4) RETURNING "id"[0m  [["user_id", 156], ["event_id", 237], ["created_at", "2020-10-05 20:50:44.243161"], ["updated_at", "2020-10-05 20:50:44.243161"]]
  [1m[35m (0.9ms)[0m  [1m[35mCOMMIT[0m
  [1m[36mUser Load (0.1ms)[0m  [1m[34mSELECT "users".* FROM "users"[0m
  [1m[36mEvent Load (0.1ms)[0m  [1m[34mSELECT "events".* FROM "events"[0m
  [1m[35m (0.1ms)[0m  [1m[35mBEGIN[0m
  [1m[36mUser Load (0.1ms)[0m  [1m[34mSELECT "users".* FROM "users" WHERE "users"."id" = $1 LIMIT $2[0m  [["id", 154], ["LIMIT", 1]]
  [1m[36mEvent Load (0.1ms)[0m  [1m[34mSELECT "events".* FROM "events" WHERE "events"."id" = $1 LIMIT $2[0m  [["id", 238], ["LIMIT", 1]]
  [1m[36mUserEvent Create (0.1ms)[0m  [1m[32mINSERT INTO "user_events" ("user_id", "event_id", "created_at", "updated_at") VALUES ($1, $2, $3, $4) RETURNING "id"[0m  [["user_id", 154], ["event_id", 238], ["created_at", "2020-10-05 20:50:44.248945"], ["updated_at", "2020-10-05 20:50:44.248945"]]
  [1m[35m (0.9ms)[0m  [1m[35mCOMMIT[0m
  [1m[36mUser Load (0.1ms)[0m  [1m[34mSELECT "users".* FROM "users"[0m
  [1m[36mEvent Load (0.1ms)[0m  [1m[34mSELECT "events".* FROM "events"[0m
  [1m[35m (0.1ms)[0m  [1m[35mBEGIN[0m
  [1m[36mUser Load (0.1ms)[0m  [1m[34mSELECT "users".* FROM "users" WHERE "users"."id" = $1 LIMIT $2[0m  [["id", 157], ["LIMIT", 1]]
  [1m[36mEvent Load (0.1ms)[0m  [1m[34mSELECT "events".* FROM "events" WHERE "events"."id" = $1 LIMIT $2[0m  [["id", 245], ["LIMIT", 1]]
  [1m[36mUserEvent Create (0.1ms)[0m  [1m[32mINSERT INTO "user_events" ("user_id", "event_id", "created_at", "updated_at") VALUES ($1, $2, $3, $4) RETURNING "id"[0m  [["user_id", 157], ["event_id", 245], ["created_at", "2020-10-05 20:50:44.254585"], ["updated_at", "2020-10-05 20:50:44.254585"]]
  [1m[35m (0.9ms)[0m  [1m[35mCOMMIT[0m
  [1m[36mUser Load (0.1ms)[0m  [1m[34mSELECT "users".* FROM "users"[0m
  [1m[36mEvent Load (0.1ms)[0m  [1m[34mSELECT "events".* FROM "events"[0m
  [1m[35m (0.1ms)[0m  [1m[35mBEGIN[0m
  [1m[36mUser Load (0.1ms)[0m  [1m[34mSELECT "users".* FROM "users" WHERE "users"."id" = $1 LIMIT $2[0m  [["id", 158], ["LIMIT", 1]]
  [1m[36mEvent Load (0.1ms)[0m  [1m[34mSELECT "events".* FROM "events" WHERE "events"."id" = $1 LIMIT $2[0m  [["id", 240], ["LIMIT", 1]]
  [1m[36mUserEvent Create (0.1ms)[0m  [1m[32mINSERT INTO "user_events" ("user_id", "event_id", "created_at", "updated_at") VALUES ($1, $2, $3, $4) RETURNING "id"[0m  [["user_id", 158], ["event_id", 240], ["created_at", "2020-10-05 20:50:44.260114"], ["updated_at", "2020-10-05 20:50:44.260114"]]
  [1m[35m (0.9ms)[0m  [1m[35mCOMMIT[0m
  [1m[36mUser Load (0.1ms)[0m  [1m[34mSELECT "users".* FROM "users"[0m
  [1m[36mEvent Load (0.1ms)[0m  [1m[34mSELECT "events".* FROM "events"[0m
  [1m[35m (0.1ms)[0m  [1m[35mBEGIN[0m
  [1m[36mUser Load (0.1ms)[0m  [1m[34mSELECT "users".* FROM "users" WHERE "users"."id" = $1 LIMIT $2[0m  [["id", 159], ["LIMIT", 1]]
  [1m[36mEvent Load (0.1ms)[0m  [1m[34mSELECT "events".* FROM "events" WHERE "events"."id" = $1 LIMIT $2[0m  [["id", 245], ["LIMIT", 1]]
  [1m[36mUserEvent Create (0.1ms)[0m  [1m[32mINSERT INTO "user_events" ("user_id", "event_id", "created_at", "updated_at") VALUES ($1, $2, $3, $4) RETURNING "id"[0m  [["user_id", 159], ["event_id", 245], ["created_at", "2020-10-05 20:50:44.265620"], ["updated_at", "2020-10-05 20:50:44.265620"]]
  [1m[35m (23.5ms)[0m  [1m[35mCOMMIT[0m
  [1m[36mUser Load (0.2ms)[0m  [1m[34mSELECT "users".* FROM "users"[0m
  [1m[36mEvent Load (0.1ms)[0m  [1m[34mSELECT "events".* FROM "events"[0m
  [1m[35m (0.1ms)[0m  [1m[35mBEGIN[0m
  [1m[36mUser Load (0.1ms)[0m  [1m[34mSELECT "users".* FROM "users" WHERE "users"."id" = $1 LIMIT $2[0m  [["id", 152], ["LIMIT", 1]]
  [1m[36mEvent Load (0.1ms)[0m  [1m[34mSELECT "events".* FROM "events" WHERE "events"."id" = $1 LIMIT $2[0m  [["id", 242], ["LIMIT", 1]]
  [1m[36mUserEvent Create (0.2ms)[0m  [1m[32mINSERT INTO "user_events" ("user_id", "event_id", "created_at", "updated_at") VALUES ($1, $2, $3, $4) RETURNING "id"[0m  [["user_id", 152], ["event_id", 242], ["created_at", "2020-10-05 20:50:44.294236"], ["updated_at", "2020-10-05 20:50:44.294236"]]
  [1m[35m (1.0ms)[0m  [1m[35mCOMMIT[0m
  [1m[36mUser Load (0.2ms)[0m  [1m[34mSELECT "users".* FROM "users"[0m
  [1m[36mEvent Load (0.1ms)[0m  [1m[34mSELECT "events".* FROM "events"[0m
  [1m[35m (0.1ms)[0m  [1m[35mBEGIN[0m
  [1m[36mUser Load (0.1ms)[0m  [1m[34mSELECT "users".* FROM "users" WHERE "users"."id" = $1 LIMIT $2[0m  [["id", 155], ["LIMIT", 1]]
  [1m[36mEvent Load (0.1ms)[0m  [1m[34mSELECT "events".* FROM "events" WHERE "events"."id" = $1 LIMIT $2[0m  [["id", 241], ["LIMIT", 1]]
  [1m[36mUserEvent Create (0.2ms)[0m  [1m[32mINSERT INTO "user_events" ("user_id", "event_id", "created_at", "updated_at") VALUES ($1, $2, $3, $4) RETURNING "id"[0m  [["user_id", 155], ["event_id", 241], ["created_at", "2020-10-05 20:50:44.304353"], ["updated_at", "2020-10-05 20:50:44.304353"]]
  [1m[35m (0.9ms)[0m  [1m[35mCOMMIT[0m
  [1m[36mUser Load (0.1ms)[0m  [1m[34mSELECT "users".* FROM "users"[0m
  [1m[36mEvent Load (0.1ms)[0m  [1m[34mSELECT "events".* FROM "events"[0m
  [1m[35m (0.1ms)[0m  [1m[35mBEGIN[0m
  [1m[36mUser Load (0.1ms)[0m  [1m[34mSELECT "users".* FROM "users" WHERE "users"."id" = $1 LIMIT $2[0m  [["id", 155], ["LIMIT", 1]]
  [1m[36mEvent Load (0.1ms)[0m  [1m[34mSELECT "events".* FROM "events" WHERE "events"."id" = $1 LIMIT $2[0m  [["id", 240], ["LIMIT", 1]]
  [1m[36mUserEvent Create (0.2ms)[0m  [1m[32mINSERT INTO "user_events" ("user_id", "event_id", "created_at", "updated_at") VALUES ($1, $2, $3, $4) RETURNING "id"[0m  [["user_id", 155], ["event_id", 240], ["created_at", "2020-10-05 20:50:44.310227"], ["updated_at", "2020-10-05 20:50:44.310227"]]
  [1m[35m (0.9ms)[0m  [1m[35mCOMMIT[0m
